[0515/172706:ERROR:proxy_service_factory.cc(105)] Cannot use V8 Proxy resolver in single process mode.
[0515/172707:ERROR:command_buffer_proxy_impl.cc(156)] Failed to initialize command buffer service.
[0515/172707:ERROR:webgraphicscontext3d_command_buffer_impl.cc(394)] CommandBufferProxy::Initialize failed.
[0515/172707:ERROR:webgraphicscontext3d_command_buffer_impl.cc(413)] Failed to initialize command buffer.
[0515/172707:ERROR:command_buffer_proxy_impl.cc(156)] Failed to initialize command buffer service.
[0515/172707:ERROR:webgraphicscontext3d_command_buffer_impl.cc(394)] CommandBufferProxy::Initialize failed.
[0515/172707:ERROR:webgraphicscontext3d_command_buffer_impl.cc(413)] Failed to initialize command buffer.
[0515/172707:ERROR:command_buffer_proxy_impl.cc(156)] Failed to initialize command buffer service.
[0515/172707:ERROR:webgraphicscontext3d_command_buffer_impl.cc(394)] CommandBufferProxy::Initialize failed.
[0515/172707:ERROR:webgraphicscontext3d_command_buffer_impl.cc(413)] Failed to initialize command buffer.
[0515/172707:ERROR:command_buffer_proxy_impl.cc(156)] Failed to initialize command buffer service.
[0515/172707:ERROR:webgraphicscontext3d_command_buffer_impl.cc(394)] CommandBufferProxy::Initialize failed.
[0515/172707:ERROR:webgraphicscontext3d_command_buffer_impl.cc(413)] Failed to initialize command buffer.
[0515/172707:ERROR:command_buffer_proxy_impl.cc(156)] Failed to initialize command buffer service.
[0515/172707:ERROR:webgraphicscontext3d_command_buffer_impl.cc(394)] CommandBufferProxy::Initialize failed.
[0515/172707:ERROR:webgraphicscontext3d_command_buffer_impl.cc(413)] Failed to initialize command buffer.
[0515/172707:ERROR:command_buffer_proxy_impl.cc(156)] Failed to initialize command buffer service.
[0515/172707:ERROR:webgraphicscontext3d_command_buffer_impl.cc(394)] CommandBufferProxy::Initialize failed.
[0515/172707:ERROR:webgraphicscontext3d_command_buffer_impl.cc(413)] Failed to initialize command buffer.
[0515/172707:ERROR:command_buffer_proxy_impl.cc(156)] Failed to initialize command buffer service.
[0515/172707:ERROR:webgraphicscontext3d_command_buffer_impl.cc(394)] CommandBufferProxy::Initialize failed.
[0515/172707:ERROR:webgraphicscontext3d_command_buffer_impl.cc(413)] Failed to initialize command buffer.
[0515/172707:ERROR:command_buffer_proxy_impl.cc(156)] Failed to initialize command buffer service.
[0515/172707:ERROR:webgraphicscontext3d_command_buffer_impl.cc(394)] CommandBufferProxy::Initialize failed.
[0515/172707:ERROR:webgraphicscontext3d_command_buffer_impl.cc(413)] Failed to initialize command buffer.
[0515/172720:ERROR:renderer_main.cc(227)] Running without renderer sandbox
